2024-10-03 12:52:31,206 - pyswarms.single.global_best - INFO - Optimize for 100 iters with {'c1': 0.5, 'c2': 0.3, 'w': 0.9}
2024-10-03 12:53:02,343 - pyswarms.single.global_best - INFO - Optimization finished | best cost: -0.9028985507246376, best pos: [0.74569905 0.63474297 0.51513212 0.43588264 0.1722483  0.41554566
 0.81126338 0.96448344 0.56985154 0.67323614 0.10162413 0.52007823
 0.58500535 0.42707877 0.64783623 0.40214359 0.61931528 0.44900622
 0.06070205 0.55789997 0.10816818 0.80772267 0.93121911 0.76940996
 0.5475802  0.59664732 0.0414215  0.45584214 0.12127079 0.16016471
 0.90192775 0.19000804 0.94304977 0.72330437 0.97443601 0.65385257
 0.31756711 0.51594117 0.93765167 0.40901674 0.54317176 0.50643257
 0.71476847 0.72666659 0.95792183 0.92324486 0.47423321 0.24221317
 0.4451548  0.06637556 0.76776722 0.43843999 0.40475776 0.59499145
 0.0069726  0.8718044  0.32704907 0.39094856]
2024-10-03 15:09:52,295 - pyswarms.single.global_best - INFO - Optimize for 100 iters with {'c1': 0.5, 'c2': 0.3, 'w': 0.9}
2024-10-03 16:27:21,354 - pyswarms.single.global_best - INFO - Optimization finished | best cost: -0.9470046082949308, best pos: [0.86941725 0.5793258  0.31181075 ... 0.10635834 0.87145644 0.42569603]
2024-10-03 16:56:09,831 - pyswarms.single.global_best - INFO - Optimize for 100 iters with {'c1': 0.5, 'c2': 0.3, 'w': 0.9}
2024-10-03 20:10:26,575 - pyswarms.single.global_best - INFO - Optimization finished | best cost: -0.9940878378378378, best pos: [0.00391189 0.05240487 0.38864117 ... 0.27196548 0.87185746 0.88505574]
2024-10-04 12:07:30,147 - pyswarms.single.global_best - INFO - Optimize for 100 iters with {'c1': 0.5, 'c2': 0.3, 'w': 0.9}
2024-10-04 12:09:57,095 - pyswarms.single.global_best - INFO - Optimization finished | best cost: -0.961340206185567, best pos: [0.33973693 0.57901597 0.64502984 ... 0.67844221 0.14676974 0.79501736]
2024-10-04 12:12:08,998 - pyswarms.single.global_best - INFO - Optimize for 100 iters with {'c1': 0.5, 'c2': 0.3, 'w': 0.9}
2024-10-04 12:14:16,788 - pyswarms.single.global_best - INFO - Optimization finished | best cost: -0.9618668184405236, best pos: [0.26106359 0.06093329 0.92342044 ... 0.24800935 0.95312247 0.32238691]
2024-10-04 12:15:16,742 - pyswarms.single.global_best - INFO - Optimize for 100 iters with {'c1': 0.5, 'c2': 0.3, 'w': 0.9}
2024-10-04 12:17:24,864 - pyswarms.single.global_best - INFO - Optimization finished | best cost: -0.9577777777777777, best pos: [0.23308364 0.44219573 0.69294789 ... 0.88009023 0.85176175 0.92947354]
2024-10-04 12:18:21,946 - pyswarms.single.global_best - INFO - Optimize for 100 iters with {'c1': 0.5, 'c2': 0.3, 'w': 0.9}
2024-10-04 12:20:02,735 - pyswarms.single.global_best - INFO - Optimization finished | best cost: -0.9523195876288659, best pos: [0.85908614 0.06342135 0.80816995 ... 0.24294159 0.12861939 0.92687331]
2024-10-04 12:30:03,747 - google_auth_oauthlib.flow - INFO - "GET /?state=R3gMr2A6dYDe4IUaB3bYJAmRSoaMJe&code=4/0AVG7fiQVr27VeNLnf7-Yzry4-Aa1MdZfBObqQfxoEJqcJtISMkDcuecUO8C2cR9tqNmoiA&scope=https://www.googleapis.com/auth/gmail.readonly HTTP/1.1" 200 65
2024-10-04 12:30:03,943 - googleapiclient.discovery_cache - INFO - file_cache is only supported with oauth2client<4.0.0
2024-10-04 12:32:01,932 - pyswarms.single.global_best - INFO - Optimize for 100 iters with {'c1': 0.5, 'c2': 0.3, 'w': 0.9}
2024-10-04 12:44:18,619 - googleapiclient.discovery_cache - INFO - file_cache is only supported with oauth2client<4.0.0
2024-10-04 12:47:06,082 - googleapiclient.discovery_cache - INFO - file_cache is only supported with oauth2client<4.0.0
2024-10-04 12:47:55,423 - googleapiclient.discovery_cache - INFO - file_cache is only supported with oauth2client<4.0.0
2024-10-04 12:50:24,800 - googleapiclient.discovery_cache - INFO - file_cache is only supported with oauth2client<4.0.0
2024-10-04 12:54:35,190 - googleapiclient.discovery_cache - INFO - file_cache is only supported with oauth2client<4.0.0
2024-10-04 13:09:00,388 - googleapiclient.discovery_cache - INFO - file_cache is only supported with oauth2client<4.0.0
2024-10-04 13:10:45,380 - pyswarms.single.global_best - INFO - Optimize for 100 iters with {'c1': 0.5, 'c2': 0.3, 'w': 0.9}
2024-10-04 13:11:07,195 - pyswarms.single.global_best - INFO - Optimization finished | best cost: -0.9533333333333334, best pos: [0.38260197 0.72183813 0.9480516  ... 0.39244742 0.24240272 0.24345452]
2024-10-04 18:51:49,036 - googleapiclient.discovery_cache - INFO - file_cache is only supported with oauth2client<4.0.0
